C:\Users\SHREYASH MECWAN\Desktop\NECTOR\nerf_env\lib\site-packages\nerfstudio\utils\misc.py:183: RuntimeWarning: Windows does not yet support torch.compile and the performance will be affected.
  warnings.warn(
C:\Users\SHREYASH MECWAN\Desktop\NECTOR\nerf_env\lib\site-packages\nerfstudio\field_components\activations.py:32: FutureWarning: `torch.cuda.amp.custom_fwd(args...)` is deprecated. Please use `torch.amp.custom_fwd(args..., device_type='cuda')` instead.
  @custom_fwd(cast_inputs=torch.float32)
C:\Users\SHREYASH MECWAN\Desktop\NECTOR\nerf_env\lib\site-packages\nerfstudio\field_components\activations.py:39: FutureWarning: `torch.cuda.amp.custom_bwd(args...)` is deprecated. Please use `torch.amp.custom_bwd(args..., device_type='cuda')` instead.
  def backward(ctx, g):
[10:09:49] Using --data alias for --data.pipeline.datamanager.data                                          train.py:230
──────────────────────────────────────────────────────── Config ────────────────────────────────────────────────────────
TrainerConfig(
    _target=<class 'nerfstudio.engine.trainer.Trainer'>,
    output_dir=WindowsPath('C:/Users/SHREYASH 
MECWAN/Desktop/NECTOR/projects/f6f52c24-7385-4053-9bea-7552df9bbf97/output'),
    method_name='nerfacto',
    experiment_name=None,
    project_name='nerfstudio-project',
    timestamp='2026-03-12_100949',
    machine=MachineConfig(seed=42, num_devices=1, num_machines=1, machine_rank=0, dist_url='auto', device_type='cuda'),
    logging=LoggingConfig(
        relative_log_dir=WindowsPath('.'),
        steps_per_log=10,
        max_buffer_size=20,
        local_writer=LocalWriterConfig(
            _target=<class 'nerfstudio.utils.writer.LocalWriter'>,
            enable=True,
            stats_to_track=(
                <EventName.ITER_TRAIN_TIME: 'Train Iter (time)'>,
                <EventName.TRAIN_RAYS_PER_SEC: 'Train Rays / Sec'>,
                <EventName.CURR_TEST_PSNR: 'Test PSNR'>,
                <EventName.VIS_RAYS_PER_SEC: 'Vis Rays / Sec'>,
                <EventName.TEST_RAYS_PER_SEC: 'Test Rays / Sec'>,
                <EventName.ETA: 'ETA (time)'>
            ),
            max_log_size=0
        ),
        profiler='basic'
    ),
    viewer=ViewerConfig(
        relative_log_filename='viewer_log_filename.txt',
        websocket_port=None,
        websocket_port_default=7007,
        websocket_host='0.0.0.0',
        num_rays_per_chunk=32768,
        max_num_display_images=512,
        quit_on_train_completion=False,
        image_format='jpeg',
        jpeg_quality=75,
        make_share_url=False,
        camera_frustum_scale=0.1,
        default_composite_depth=True
    ),
    pipeline=VanillaPipelineConfig(
        _target=<class 'nerfstudio.pipelines.base_pipeline.VanillaPipeline'>,
        datamanager=ParallelDataManagerConfig(
            _target=<class 'nerfstudio.data.datamanagers.parallel_datamanager.ParallelDataManager'>,
            data=WindowsPath('C:/Users/SHREYASH MECWAN/Desktop/NECTOR/projects/f6f52c24-7385-4053-9bea-7552df9bbf97'),
            masks_on_gpu=False,
            images_on_gpu=False,
            dataparser=ColmapDataParserConfig(
                _target=<class 'nerfstudio.data.dataparsers.colmap_dataparser.ColmapDataParser'>,
                data=WindowsPath('.'),
                scale_factor=1.0,
                downscale_factor=2,
                downscale_rounding_mode='floor',
                scene_scale=1.0,
                orientation_method='up',
                center_method='poses',
                auto_scale_poses=True,
                assume_colmap_world_coordinate_convention=True,
                eval_mode='interval',
                train_split_fraction=0.9,
                eval_interval=8,
                depth_unit_scale_factor=0.001,
                images_path=WindowsPath('raw'),
                masks_path=None,
                depths_path=None,
                colmap_path=WindowsPath('processed/sparse/0'),
                load_3D_points=True,
                max_2D_matches_per_3D_point=0
            ),
            train_num_rays_per_batch=4096,
            train_num_images_to_sample_from=-1,
            train_num_times_to_repeat_images=-1,
            eval_num_rays_per_batch=4096,
            eval_num_images_to_sample_from=-1,
            eval_num_times_to_repeat_images=-1,
            eval_image_indices=(0,),
            collate_fn=<function nerfstudio_collate at 0x000001EAF7B511B0>,
            camera_res_scale_factor=1.0,
            patch_size=1,
            camera_optimizer=None,
            pixel_sampler=PixelSamplerConfig(
                _target=<class 'nerfstudio.data.pixel_samplers.PixelSampler'>,
                num_rays_per_batch=4096,
                keep_full_image=False,
                is_equirectangular=False,
                ignore_mask=False,
                fisheye_crop_radius=None,
                rejection_sample_mask=True,
                max_num_iterations=100
            ),
            num_processes=1,
            queue_size=2,
            max_thread_workers=None
        ),
        model=NerfactoModelConfig(
            _target=<class 'nerfstudio.models.nerfacto.NerfactoModel'>,
            enable_collider=True,
            collider_params={'near_plane': 2.0, 'far_plane': 6.0},
            loss_coefficients={'rgb_loss_coarse': 1.0, 'rgb_loss_fine': 1.0},
            eval_num_rays_per_chunk=32768,
            prompt=None,
            near_plane=0.05,
            far_plane=1000.0,
            background_color='last_sample',
            hidden_dim=64,
            hidden_dim_color=64,
            hidden_dim_transient=64,
            num_levels=16,
            base_res=16,
            max_res=2048,
            log2_hashmap_size=19,
            features_per_level=2,
            num_proposal_samples_per_ray=(256, 96),
            num_nerf_samples_per_ray=48,
            proposal_update_every=5,
            proposal_warmup=5000,
            num_proposal_iterations=2,
            use_same_proposal_network=False,
            proposal_net_args_list=[
                {'hidden_dim': 16, 'log2_hashmap_size': 17, 'num_levels': 5, 'max_res': 128, 'use_linear': False},
                {'hidden_dim': 16, 'log2_hashmap_size': 17, 'num_levels': 5, 'max_res': 256, 'use_linear': False}
            ],
            proposal_initial_sampler='piecewise',
            interlevel_loss_mult=1.0,
            distortion_loss_mult=0.002,
            orientation_loss_mult=0.0001,
            pred_normal_loss_mult=0.001,
            use_proposal_weight_anneal=True,
            use_appearance_embedding=True,
            use_average_appearance_embedding=True,
            proposal_weights_anneal_slope=10.0,
            proposal_weights_anneal_max_num_iters=1000,
            use_single_jitter=True,
            predict_normals=False,
            disable_scene_contraction=False,
            use_gradient_scaling=False,
            implementation='tcnn',
            appearance_embed_dim=32,
            average_init_density=0.01,
            camera_optimizer=CameraOptimizerConfig(
                _target=<class 'nerfstudio.cameras.camera_optimizers.CameraOptimizer'>,
                mode='SO3xR3',
                trans_l2_penalty=0.01,
                rot_l2_penalty=0.001,
                optimizer=None,
                scheduler=None
            )
        )
    ),
    optimizers={
        'proposal_networks': {
            'optimizer': AdamOptimizerConfig(
                _target=<class 'torch.optim.adam.Adam'>,
                lr=0.01,
                eps=1e-15,
                max_norm=None,
                weight_decay=0
            ),
            'scheduler': ExponentialDecaySchedulerConfig(
                _target=<class 'nerfstudio.engine.schedulers.ExponentialDecayScheduler'>,
                lr_pre_warmup=1e-08,
                lr_final=0.0001,
                warmup_steps=0,
                max_steps=200000,
                ramp='cosine'
            )
        },
        'fields': {
            'optimizer': AdamOptimizerConfig(
                _target=<class 'torch.optim.adam.Adam'>,
                lr=0.01,
                eps=1e-15,
                max_norm=None,
                weight_decay=0
            ),
            'scheduler': ExponentialDecaySchedulerConfig(
                _target=<class 'nerfstudio.engine.schedulers.ExponentialDecayScheduler'>,
                lr_pre_warmup=1e-08,
                lr_final=0.0001,
                warmup_steps=0,
                max_steps=200000,
                ramp='cosine'
            )
        },
        'camera_opt': {
            'optimizer': AdamOptimizerConfig(
                _target=<class 'torch.optim.adam.Adam'>,
                lr=0.001,
                eps=1e-15,
                max_norm=None,
                weight_decay=0
            ),
            'scheduler': ExponentialDecaySchedulerConfig(
                _target=<class 'nerfstudio.engine.schedulers.ExponentialDecayScheduler'>,
                lr_pre_warmup=1e-08,
                lr_final=0.0001,
                warmup_steps=0,
                max_steps=5000,
                ramp='cosine'
            )
        }
    },
    vis='tensorboard',
    data=WindowsPath('C:/Users/SHREYASH MECWAN/Desktop/NECTOR/projects/f6f52c24-7385-4053-9bea-7552df9bbf97'),
    prompt=None,
    relative_model_dir=WindowsPath('nerfstudio_models'),
    load_scheduler=True,
    steps_per_save=2000,
    steps_per_eval_batch=500,
    steps_per_eval_image=500,
    steps_per_eval_all_images=25000,
    max_num_iterations=30000,
    mixed_precision=True,
    use_grad_scaler=False,
    save_only_latest_checkpoint=True,
    load_dir=None,
    load_step=None,
    load_config=None,
    load_checkpoint=None,
    log_gradients=False,
    gradient_accumulation_steps={},
    start_paused=False
)
────────────────────────────────────────────────────────────────────────────────────────────────────────────────────────
           Saving config to: C:\Users\SHREYASH                                                  experiment_config.py:136
           MECWAN\Desktop\NECTOR\projects\f6f52c24-7385-4053-9bea-7552df9bbf97\output\f6f52c24-                         
           7385-4053-9bea-7552df9bbf97\nerfacto\2026-03-12_100949\config.yml                                            
C:\Users\SHREYASH MECWAN\Desktop\NECTOR\nerf_env\lib\site-packages\nerfstudio\engine\trainer.py:137: FutureWarning: `torch.cuda.amp.GradScaler(args...)` is deprecated. Please use `torch.amp.GradScaler('cuda', args...)` instead.
  self.grad_scaler = GradScaler(enabled=self.use_grad_scaler)
           Saving checkpoints to: C:\Users\SHREYASH                                                       trainer.py:142
           MECWAN\Desktop\NECTOR\projects\f6f52c24-7385-4053-9bea-7552df9bbf97\output\f6f52c24-7385-4053-               
           9bea-7552df9bbf97\nerfacto\2026-03-12_100949\nerfstudio_models                                               
Started threads
Setting up evaluation dataset...
Caching all 3 images.


WARNING: Using a slow implementation for the SHEncoding module. 
🏃 🏃 Install tcnn for speedups 🏃 🏃
pip install git+https://github.com/NVlabs/tiny-cuda-nn/#subdirectory=bindings/torch


WARNING: Using a slow implementation for the NeRFEncoding module. 
🏃 🏃 Install tcnn for speedups 🏃 🏃
pip install git+https://github.com/NVlabs/tiny-cuda-nn/#subdirectory=bindings/torch


WARNING: Using a slow implementation for the MLPWithHashEncoding module. 
🏃 🏃 Install tcnn for speedups 🏃 🏃
pip install git+https://github.com/NVlabs/tiny-cuda-nn/#subdirectory=bindings/torch

Loading data batch ---------------------------------------- 100% 0:00:00

WARNING: Using a slow implementation for the MLP module. 
🏃 🏃 Install tcnn for speedups 🏃 🏃
pip install git+https://github.com/NVlabs/tiny-cuda-nn/#subdirectory=bindings/torch


WARNING: Using a slow implementation for the HashEncoding module. 
🏃 🏃 Install tcnn for speedups 🏃 🏃
pip install git+https://github.com/NVlabs/tiny-cuda-nn/#subdirectory=bindings/torch


WARNING: Using a slow implementation for the MLP module. 
🏃 🏃 Install tcnn for speedups 🏃 🏃
pip install git+https://github.com/NVlabs/tiny-cuda-nn/#subdirectory=bindings/torch


WARNING: Using a slow implementation for the HashEncoding module. 
🏃 🏃 Install tcnn for speedups 🏃 🏃
pip install git+https://github.com/NVlabs/tiny-cuda-nn/#subdirectory=bindings/torch


WARNING: Using a slow implementation for the MLP module. 
🏃 🏃 Install tcnn for speedups 🏃 🏃
pip install git+https://github.com/NVlabs/tiny-cuda-nn/#subdirectory=bindings/torch

No Nerfstudio checkpoint to load, so training from scratch.
logging events to: C:\Users\SHREYASH 
MECWAN\Desktop\NECTOR\projects\f6f52c24-7385-4053-9bea-7552df9bbf97\output\f6f52c24-7385-4053-9bea-7552df9bbf97\nerfacto
\2026-03-12_100949
Step (% Done)       Train Iter (time)    ETA (time)           
--------------------------------------------------------------
0 (0.00%)           1 s, 352.697 ms      11 h, 16 m, 20 s     
Step (% Done)       Train Iter (time)    ETA (time)           Train Rays / Sec     
-----------------------------------------------------------------------------------
10 (0.03%)          600.137 ms           4 h, 59 m, 58 s      7.81 K               
20 (0.07%)          473.546 ms           3 h, 56 m, 36 s      9.10 K               
30 (0.10%)          422.059 ms           3 h, 30 m, 49 s      10.27 K              
40 (0.13%)          422.076 ms           3 h, 30 m, 45 s      10.27 K              
50 (0.17%)          422.103 ms           3 h, 30 m, 41 s      10.27 K              
60 (0.20%)          421.801 ms           3 h, 30 m, 28 s      10.28 K              
70 (0.23%)          422.227 ms           3 h, 30 m, 37 s      10.26 K              
80 (0.27%)          423.133 ms           3 h, 31 m, 0 s       10.25 K              
90 (0.30%)          422.563 ms           3 h, 30 m, 38 s      10.28 K              
100 (0.33%)         422.453 ms           3 h, 30 m, 31 s      10.26 K              
110 (0.37%)         422.743 ms           3 h, 30 m, 35 s      10.24 K              
120 (0.40%)         422.760 ms           3 h, 30 m, 32 s      10.24 K              
130 (0.43%)         423.868 ms           3 h, 31 m, 0 s       10.23 K              
140 (0.47%)         425.229 ms           3 h, 31 m, 37 s      10.20 K              
150 (0.50%)         425.082 ms           3 h, 31 m, 28 s      10.19 K              
160 (0.53%)         423.786 ms           3 h, 30 m, 45 s      10.22 K              
170 (0.57%)         423.003 ms           3 h, 30 m, 18 s      10.25 K              
180 (0.60%)         415.164 ms           3 h, 26 m, 20 s      10.46 K              
190 (0.63%)         405.503 ms           3 h, 21 m, 28 s      10.72 K              
200 (0.67%)         405.012 ms           3 h, 21 m, 9 s       10.73 K              
210 (0.70%)         414.250 ms           3 h, 25 m, 40 s      10.47 K              
220 (0.73%)         432.652 ms           3 h, 34 m, 44 s      10.03 K              
230 (0.77%)         439.404 ms           3 h, 38 m, 1 s       9.88 K               
240 (0.80%)         427.984 ms           3 h, 32 m, 16 s      10.14 K              
250 (0.83%)         411.245 ms           3 h, 23 m, 54 s      10.57 K              
260 (0.87%)         402.620 ms           3 h, 19 m, 33 s      10.77 K              
270 (0.90%)         403.744 ms           3 h, 20 m, 3 s       10.73 K              
280 (0.93%)         404.191 ms           3 h, 20 m, 12 s      10.74 K              
290 (0.97%)         404.622 ms           3 h, 20 m, 21 s      10.73 K              
300 (1.00%)         407.695 ms           3 h, 21 m, 48 s      10.64 K              
